<?xml version="1.0" encoding="UTF-8"?>
<!-- Generated by org.testng.reporters.JUnitXMLReporter -->
<testsuite ignored="0" hostname="india-PC" failures="0" tests="3" name="Default test" time="0.082" errors="0" timestamp="2021-01-15T19:00:56 IST">
  <testcase classname="org.samplerun.main.Testngmainmethod" name="bFastTest" time="0.007"/>
  <testcase classname="org.samplerun.main.Testngmainmethod" name="aFastTest" time="0.002"/>
  <testcase classname="org.samplerun.main.Testngmainmethod" name="aFastTest" time="0.002"/>
</testsuite> <!-- Default test -->
