<?xml version="1.0" encoding="UTF-8"?>
<testng-results skipped="0" failed="0" ignored="0" total="1" passed="1">
  <reporter-output>
  </reporter-output>
  <suite name="Default suite" duration-ms="81906" started-at="2020-10-26T12:29:25Z" finished-at="2020-10-26T12:30:47Z">
    <groups>
    </groups>
    <test name="Default test" duration-ms="81906" started-at="2020-10-26T12:29:25Z" finished-at="2020-10-26T12:30:47Z">
      <class name="org.samplerun.automationFramework.Tstngsamlefirsttest">
        <test-method status="PASS" signature="f()[pri:0, instance:org.samplerun.automationFramework.Tstngsamlefirsttest@3ba9ad43]" name="f" duration-ms="81844" started-at="2020-10-26T12:29:25Z" finished-at="2020-10-26T12:30:47Z">
          <reporter-output>
          </reporter-output>
        </test-method> <!-- f -->
      </class> <!-- org.samplerun.automationFramework.Tstngsamlefirsttest -->
    </test> <!-- Default test -->
  </suite> <!-- Default suite -->
</testng-results>
